C:\Program Files (x86)\MSBuild\Microsoft.Cpp\v4.0\V140\Microsoft.CppBuild.targets(392,5): warning MSB8028: The intermediate directory (4.advanced_opengl_6.cubemaps.dir\Debug\) contains files shared from another project (4.advanced_opengl_6.cubemaps.vcxproj).  This can lead to incorrect clean and rebuild behavior.
  Building Custom Rule C:/Users/james f/Desktop/Open_CW/OpenGl/CMakeLists.txt
  CMake does not need to re-run because C:/Users/james f/Desktop/Open_CW/OpenGl/build/CMakeFiles/generate.stamp is up-to-date.
cl : Command line warning D9002: ignoring unknown option '/EH;'
cl : Command line warning D9002: ignoring unknown option '/EH-'
cl : Command line warning D9002: ignoring unknown option '/EHt'
cl : Command line warning D9002: ignoring unknown option '/EHd'
cl : Command line warning D9002: ignoring unknown option '/EH='
cl : Command line warning D9002: ignoring unknown option '/EH+'
cl : Command line warning D9002: ignoring unknown option '/EH+'
cl : Command line warning D9002: ignoring unknown option '/EH1'
cl : Command line warning D9002: ignoring unknown option '/EH1'
  Main.cpp
C:\Users\james f\Desktop\Open_CW\OpenGl\includes\learnopengl/shader.h(63): warning C4101: 'infoLog': unreferenced local variable
C:\Users\james f\Desktop\Open_CW\OpenGl\includes\learnopengl/shader.h(62): warning C4101: 'success': unreferenced local variable
C:\Users\james f\Desktop\Open_CW\OpenGl\includes\learnopengl/filesystem.h(22): warning C4996: 'getenv': This function or variable may be unsafe. Consider using _dupenv_s instead. To disable deprecation, use _CRT_SECURE_NO_WARNINGS. See online help for details.
  C:\Program Files (x86)\Windows Kits\10\Include\10.0.10240.0\ucrt\stdlib.h(1183): note: see declaration of 'getenv'
C:\Program Files (x86)\Windows Kits\8.1\Include\shared\minwindef.h(130): warning C4005: 'APIENTRY': macro redefinition
  C:\Users\james f\Desktop\Open_CW\OpenGl\includes\GLFW/glfw3.h(92): note: see previous definition of 'APIENTRY'
C:\Users\james f\Desktop\Open_CW\OpenGl\includes\learnopengl/cFont.h(50): warning C4244: 'argument': conversion from 'FTGL_DOUBLE' to 'GLfloat', possible loss of data
..\src\4.advanced_opengl\6.cubemaps\Main.cpp(462): warning C4244: 'initializing': conversion from 'double' to 'GLfloat', possible loss of data
..\src\4.advanced_opengl\6.cubemaps\Main.cpp(843): warning C4244: '=': conversion from 'double' to 'GLfloat', possible loss of data
..\src\4.advanced_opengl\6.cubemaps\Main.cpp(844): warning C4244: '=': conversion from 'double' to 'GLfloat', possible loss of data
..\src\4.advanced_opengl\6.cubemaps\Main.cpp(848): warning C4244: 'initializing': conversion from 'double' to 'GLfloat', possible loss of data
..\src\4.advanced_opengl\6.cubemaps\Main.cpp(849): warning C4244: 'initializing': conversion from 'double' to 'GLfloat', possible loss of data
..\src\4.advanced_opengl\6.cubemaps\Main.cpp(851): warning C4244: '=': conversion from 'double' to 'GLfloat', possible loss of data
..\src\4.advanced_opengl\6.cubemaps\Main.cpp(852): warning C4244: '=': conversion from 'double' to 'GLfloat', possible loss of data
..\src\4.advanced_opengl\6.cubemaps\Main.cpp(859): warning C4244: 'argument': conversion from 'double' to 'GLfloat', possible loss of data
SOIL.lib(SOIL.obj) : warning LNK4075: ignoring '/EDITANDCONTINUE' due to '/SAFESEH' specification
LINK : warning LNK4098: defaultlib 'MSVCRT' conflicts with use of other libs; use /NODEFAULTLIB:library
LINK : warning LNK4098: defaultlib 'LIBCMT' conflicts with use of other libs; use /NODEFAULTLIB:library
glew32s.lib(glew.obj) : warning LNK4099: PDB 'vc100.pdb' was not found with 'glew32s.lib(glew.obj)' or at 'C:\Users\james f\Desktop\Open_CW\OpenGl\bin\4.advanced_opengl\Debug\vc100.pdb'; linking object as if no debug info
SOIL.lib(image_DXT.obj) : warning LNK4099: PDB 'vc110.pdb' was not found with 'SOIL.lib(image_DXT.obj)' or at 'C:\Users\james f\Desktop\Open_CW\OpenGl\bin\4.advanced_opengl\Debug\vc110.pdb'; linking object as if no debug info
SOIL.lib(image_helper.obj) : warning LNK4099: PDB 'vc110.pdb' was not found with 'SOIL.lib(image_helper.obj)' or at 'C:\Users\james f\Desktop\Open_CW\OpenGl\bin\4.advanced_opengl\Debug\vc110.pdb'; linking object as if no debug info
SOIL.lib(SOIL.obj) : warning LNK4099: PDB 'vc110.pdb' was not found with 'SOIL.lib(SOIL.obj)' or at 'C:\Users\james f\Desktop\Open_CW\OpenGl\bin\4.advanced_opengl\Debug\vc110.pdb'; linking object as if no debug info
SOIL.lib(stb_image_aug.obj) : warning LNK4099: PDB 'vc110.pdb' was not found with 'SOIL.lib(stb_image_aug.obj)' or at 'C:\Users\james f\Desktop\Open_CW\OpenGl\bin\4.advanced_opengl\Debug\vc110.pdb'; linking object as if no debug info
  4.advanced_opengl_6.cubemaps.vcxproj -> C:\Users\james f\Desktop\Open_CW\OpenGl\bin\4.advanced_opengl\Debug\4.advanced_opengl_6.cubemaps.exe
