  Building Custom Rule C:/Users/james f/Desktop/Open_CW/OpenGl/CMakeLists.txt
  CMake does not need to re-run because C:/Users/james f/Desktop/Open_CW/OpenGl/build/CMakeFiles/generate.stamp is up-to-date.
cl : Command line warning D9002: ignoring unknown option '/EH;'
cl : Command line warning D9002: ignoring unknown option '/EH-'
cl : Command line warning D9002: ignoring unknown option '/EHt'
cl : Command line warning D9002: ignoring unknown option '/EHd'
cl : Command line warning D9002: ignoring unknown option '/EH='
cl : Command line warning D9002: ignoring unknown option '/EH+'
cl : Command line warning D9002: ignoring unknown option '/EH+'
cl : Command line warning D9002: ignoring unknown option '/EH1'
cl : Command line warning D9002: ignoring unknown option '/EH1'
  Main.cpp
C:\Users\james f\Desktop\Open_CW\OpenGl\includes\learnopengl/shader.h(63): warning C4101: 'infoLog': unreferenced local variable
C:\Users\james f\Desktop\Open_CW\OpenGl\includes\learnopengl/shader.h(62): warning C4101: 'success': unreferenced local variable
C:\Users\james f\Desktop\Open_CW\OpenGl\includes\learnopengl/filesystem.h(22): warning C4996: 'getenv': This function or variable may be unsafe. Consider using _dupenv_s instead. To disable deprecation, use _CRT_SECURE_NO_WARNINGS. See online help for details.
  C:\Program Files (x86)\Windows Kits\10\Include\10.0.10240.0\ucrt\stdlib.h(1183): note: see declaration of 'getenv'
c:\users\james f\downloads\bullet3-2.86.1\bullet3-2.86.1\src\LinearMath/btIDebugDraw.h(169): warning C4305: 'argument': truncation from 'double' to 'const btScalar'
c:\users\james f\downloads\bullet3-2.86.1\bullet3-2.86.1\src\LinearMath/btIDebugDraw.h(170): warning C4305: 'argument': truncation from 'double' to 'const btScalar'
c:\users\james f\downloads\bullet3-2.86.1\bullet3-2.86.1\src\LinearMath/btIDebugDraw.h(171): warning C4305: 'argument': truncation from 'double' to 'const btScalar'
..\src\4.advanced_opengl\6.cubemaps\Main.cpp(142): warning C4244: 'initializing': conversion from 'double' to 'GLfloat', possible loss of data
..\src\4.advanced_opengl\6.cubemaps\Main.cpp(313): warning C4244: '=': conversion from 'double' to 'GLfloat', possible loss of data
..\src\4.advanced_opengl\6.cubemaps\Main.cpp(314): warning C4244: '=': conversion from 'double' to 'GLfloat', possible loss of data
..\src\4.advanced_opengl\6.cubemaps\Main.cpp(318): warning C4244: 'initializing': conversion from 'double' to 'GLfloat', possible loss of data
..\src\4.advanced_opengl\6.cubemaps\Main.cpp(319): warning C4244: 'initializing': conversion from 'double' to 'GLfloat', possible loss of data
..\src\4.advanced_opengl\6.cubemaps\Main.cpp(321): warning C4244: '=': conversion from 'double' to 'GLfloat', possible loss of data
..\src\4.advanced_opengl\6.cubemaps\Main.cpp(322): warning C4244: '=': conversion from 'double' to 'GLfloat', possible loss of data
..\src\4.advanced_opengl\6.cubemaps\Main.cpp(329): warning C4244: 'argument': conversion from 'double' to 'GLfloat', possible loss of data
LINK : fatal error LNK1181: cannot open input file 'MinSizeRel\STB_IMAGE.lib'
