c:\users\james f\desktop\open_cw\opengl\build\src\linearmath\linearmath.dir\debug\linearmath.pdb
c:\users\james f\desktop\open_cw\opengl\build\src\linearmath\linearmath.dir\debug\btvector3.obj
c:\users\james f\desktop\open_cw\opengl\build\src\linearmath\linearmath.dir\debug\btthreads.obj
c:\users\james f\desktop\open_cw\opengl\build\src\linearmath\linearmath.dir\debug\btserializer.obj
c:\users\james f\desktop\open_cw\opengl\build\src\linearmath\linearmath.dir\debug\btquickprof.obj
c:\users\james f\desktop\open_cw\opengl\build\src\linearmath\linearmath.dir\debug\btpolardecomposition.obj
c:\users\james f\desktop\open_cw\opengl\build\src\linearmath\linearmath.dir\debug\btgeometryutil.obj
c:\users\james f\desktop\open_cw\opengl\build\src\linearmath\linearmath.dir\debug\btconvexhullcomputer.obj
c:\users\james f\desktop\open_cw\opengl\build\src\linearmath\linearmath.dir\debug\btconvexhull.obj
c:\users\james f\desktop\open_cw\opengl\build\src\linearmath\linearmath.dir\debug\btalignedallocator.obj
c:\users\james f\desktop\open_cw\opengl\build\src\linearmath\cmakefiles\generate.stamp
c:\users\james f\desktop\open_cw\opengl\build\lib\debug\linearmath_debug.lib
c:\users\james f\desktop\open_cw\opengl\build\src\linearmath\linearmath.dir\debug\linearmath.tlog\cl.command.1.tlog
c:\users\james f\desktop\open_cw\opengl\build\src\linearmath\linearmath.dir\debug\linearmath.tlog\cl.read.1.tlog
c:\users\james f\desktop\open_cw\opengl\build\src\linearmath\linearmath.dir\debug\linearmath.tlog\cl.write.1.tlog
c:\users\james f\desktop\open_cw\opengl\build\src\linearmath\linearmath.dir\debug\linearmath.tlog\custombuild.command.1.tlog
c:\users\james f\desktop\open_cw\opengl\build\src\linearmath\linearmath.dir\debug\linearmath.tlog\custombuild.read.1.tlog
c:\users\james f\desktop\open_cw\opengl\build\src\linearmath\linearmath.dir\debug\linearmath.tlog\custombuild.write.1.tlog
c:\users\james f\desktop\open_cw\opengl\build\src\linearmath\linearmath.dir\debug\linearmath.tlog\lib-link.read.1.tlog
c:\users\james f\desktop\open_cw\opengl\build\src\linearmath\linearmath.dir\debug\linearmath.tlog\lib-link.write.1.tlog
c:\users\james f\desktop\open_cw\opengl\build\src\linearmath\linearmath.dir\debug\linearmath.tlog\lib.command.1.tlog
