c:\users\james f\desktop\open_cw\opengl\build\cmakefiles\generate.stamp
c:\users\james f\desktop\open_cw\opengl\build\examples\cmakefiles\generate.stamp
c:\users\james f\desktop\open_cw\opengl\build\extras\cmakefiles\generate.stamp
c:\users\james f\desktop\open_cw\opengl\build\src\cmakefiles\generate.stamp
c:\users\james f\desktop\open_cw\opengl\build\test\cmakefiles\generate.stamp
c:\users\james f\desktop\open_cw\opengl\build\examples\helloworld\cmakefiles\generate.stamp
c:\users\james f\desktop\open_cw\opengl\build\examples\basicdemo\cmakefiles\generate.stamp
c:\users\james f\desktop\open_cw\opengl\build\examples\examplebrowser\cmakefiles\generate.stamp
c:\users\james f\desktop\open_cw\opengl\build\examples\sharedmemory\cmakefiles\generate.stamp
c:\users\james f\desktop\open_cw\opengl\build\examples\thirdpartylibs\gwen\cmakefiles\generate.stamp
c:\users\james f\desktop\open_cw\opengl\build\examples\thirdpartylibs\bussik\cmakefiles\generate.stamp
c:\users\james f\desktop\open_cw\opengl\build\examples\openglwindow\cmakefiles\generate.stamp
c:\users\james f\desktop\open_cw\opengl\build\extras\serialize\cmakefiles\generate.stamp
c:\users\james f\desktop\open_cw\opengl\build\extras\convexdecomposition\cmakefiles\generate.stamp
c:\users\james f\desktop\open_cw\opengl\build\extras\hacd\cmakefiles\generate.stamp
c:\users\james f\desktop\open_cw\opengl\build\extras\gimpactutils\cmakefiles\generate.stamp
c:\users\james f\desktop\open_cw\opengl\build\extras\inversedynamics\cmakefiles\generate.stamp
c:\users\james f\desktop\open_cw\opengl\build\extras\serialize\bulletfileloader\cmakefiles\generate.stamp
c:\users\james f\desktop\open_cw\opengl\build\extras\serialize\bulletxmlworldimporter\cmakefiles\generate.stamp
c:\users\james f\desktop\open_cw\opengl\build\extras\serialize\bulletworldimporter\cmakefiles\generate.stamp
c:\users\james f\desktop\open_cw\opengl\build\src\bullet3opencl\cmakefiles\generate.stamp
c:\users\james f\desktop\open_cw\opengl\build\src\bullet3serialize\bullet2fileloader\cmakefiles\generate.stamp
c:\users\james f\desktop\open_cw\opengl\build\src\bullet3dynamics\cmakefiles\generate.stamp
c:\users\james f\desktop\open_cw\opengl\build\src\bullet3collision\cmakefiles\generate.stamp
c:\users\james f\desktop\open_cw\opengl\build\src\bullet3geometry\cmakefiles\generate.stamp
c:\users\james f\desktop\open_cw\opengl\build\src\bullet3common\cmakefiles\generate.stamp
c:\users\james f\desktop\open_cw\opengl\build\src\bulletinversedynamics\cmakefiles\generate.stamp
c:\users\james f\desktop\open_cw\opengl\build\src\bulletsoftbody\cmakefiles\generate.stamp
c:\users\james f\desktop\open_cw\opengl\build\src\bulletcollision\cmakefiles\generate.stamp
c:\users\james f\desktop\open_cw\opengl\build\src\bulletdynamics\cmakefiles\generate.stamp
c:\users\james f\desktop\open_cw\opengl\build\src\linearmath\cmakefiles\generate.stamp
c:\users\james f\desktop\open_cw\opengl\build\test\inversedynamics\cmakefiles\generate.stamp
c:\users\james f\desktop\open_cw\opengl\build\test\sharedmemory\cmakefiles\generate.stamp
c:\users\james f\desktop\open_cw\opengl\build\test\gtest-1.7.0\cmakefiles\generate.stamp
c:\users\james f\desktop\open_cw\opengl\build\test\collision\cmakefiles\generate.stamp
c:\users\james f\desktop\open_cw\opengl\build\test\robotlogging\cmakefiles\generate.stamp
c:\users\james f\desktop\open_cw\opengl\build\test\bulletdynamics\pendulum\cmakefiles\generate.stamp
c:\users\james f\desktop\open_cw\opengl\build\win32\debug\zero_check\zero_check.tlog\custombuild.command.1.tlog
c:\users\james f\desktop\open_cw\opengl\build\win32\debug\zero_check\zero_check.tlog\custombuild.read.1.tlog
c:\users\james f\desktop\open_cw\opengl\build\win32\debug\zero_check\zero_check.tlog\custombuild.write.1.tlog
